{"/home/tadashi/Projects/gostack/test-appgobarber/src/components/Button/index.tsx": {"path":"/home/tadashi/Projects/gostack/test-appgobarber/src/components/Button/index.tsx","statementMap":{"0":{"start":{"line":21,"column":38},"end":{"line":25,"column":1}},"1":{"start":{"line":22,"column":2},"end":{"line":24,"column":14}}},"fnMap":{"0":{"name":"(anonymous_0)","decl":{"start":{"line":21,"column":38},"end":{"line":21,"column":39}},"loc":{"start":{"line":22,"column":2},"end":{"line":24,"column":14}},"line":22}},"branchMap":{},"s":{"0":1,"1":1},"f":{"0":1},"b":{},"_coverageSchema":"1a1c01bbd47fc00a2c39e90264f33305004495a9","hash":"b6ac0b7041b405a1115b24d783240ce02a2f3373"}
,"/home/tadashi/Projects/gostack/test-appgobarber/src/components/Input/index.tsx": {"path":"/home/tadashi/Projects/gostack/test-appgobarber/src/components/Input/index.tsx","statementMap":{"0":{"start":{"line":32,"column":68},"end":{"line":100,"column":1}},"1":{"start":{"line":36,"column":26},"end":{"line":36,"column":43}},"2":{"start":{"line":38,"column":65},"end":{"line":38,"column":79}},"3":{"start":{"line":39,"column":24},"end":{"line":39,"column":76}},"4":{"start":{"line":41,"column":36},"end":{"line":41,"column":51}},"5":{"start":{"line":42,"column":35},"end":{"line":42,"column":50}},"6":{"start":{"line":44,"column":27},"end":{"line":46,"column":8}},"7":{"start":{"line":45,"column":4},"end":{"line":45,"column":23}},"8":{"start":{"line":48,"column":26},"end":{"line":52,"column":8}},"9":{"start":{"line":49,"column":4},"end":{"line":49,"column":24}},"10":{"start":{"line":51,"column":4},"end":{"line":51,"column":48}},"11":{"start":{"line":54,"column":2},"end":{"line":58,"column":6}},"12":{"start":{"line":54,"column":34},"end":{"line":58,"column":3}},"13":{"start":{"line":56,"column":6},"end":{"line":56,"column":38}},"14":{"start":{"line":60,"column":2},"end":{"line":76,"column":33}},"15":{"start":{"line":61,"column":4},"end":{"line":75,"column":7}},"16":{"start":{"line":67,"column":8},"end":{"line":67,"column":44}},"17":{"start":{"line":68,"column":8},"end":{"line":68,"column":64}},"18":{"start":{"line":72,"column":8},"end":{"line":72,"column":41}},"19":{"start":{"line":73,"column":8},"end":{"line":73,"column":40}},"20":{"start":{"line":78,"column":2},"end":{"line":99,"column":4}},"21":{"start":{"line":94,"column":10},"end":{"line":94,"column":46}}},"fnMap":{"0":{"name":"(anonymous_0)","decl":{"start":{"line":32,"column":68},"end":{"line":32,"column":69}},"loc":{"start":{"line":35,"column":5},"end":{"line":100,"column":1}},"line":35},"1":{"name":"(anonymous_1)","decl":{"start":{"line":44,"column":39},"end":{"line":44,"column":40}},"loc":{"start":{"line":44,"column":45},"end":{"line":46,"column":3}},"line":44},"2":{"name":"(anonymous_2)","decl":{"start":{"line":48,"column":38},"end":{"line":48,"column":39}},"loc":{"start":{"line":48,"column":44},"end":{"line":52,"column":3}},"line":48},"3":{"name":"(anonymous_3)","decl":{"start":{"line":54,"column":27},"end":{"line":54,"column":28}},"loc":{"start":{"line":54,"column":34},"end":{"line":58,"column":3}},"line":54},"4":{"name":"(anonymous_4)","decl":{"start":{"line":55,"column":4},"end":{"line":55,"column":5}},"loc":{"start":{"line":55,"column":12},"end":{"line":57,"column":5}},"line":55},"5":{"name":"(anonymous_5)","decl":{"start":{"line":60,"column":12},"end":{"line":60,"column":13}},"loc":{"start":{"line":60,"column":18},"end":{"line":76,"column":3}},"line":60},"6":{"name":"(anonymous_6)","decl":{"start":{"line":66,"column":6},"end":{"line":66,"column":7}},"loc":{"start":{"line":66,"column":32},"end":{"line":69,"column":7}},"line":66},"7":{"name":"(anonymous_7)","decl":{"start":{"line":71,"column":6},"end":{"line":71,"column":7}},"loc":{"start":{"line":71,"column":19},"end":{"line":74,"column":7}},"line":71},"8":{"name":"(anonymous_8)","decl":{"start":{"line":93,"column":22},"end":{"line":93,"column":23}},"loc":{"start":{"line":93,"column":31},"end":{"line":95,"column":9}},"line":93}},"branchMap":{"0":{"loc":{"start":{"line":33,"column":16},"end":{"line":33,"column":35}},"type":"default-arg","locations":[{"start":{"line":33,"column":33},"end":{"line":33,"column":35}}],"line":33},"1":{"loc":{"start":{"line":38,"column":25},"end":{"line":38,"column":42}},"type":"default-arg","locations":[{"start":{"line":38,"column":40},"end":{"line":38,"column":42}}],"line":38},"2":{"loc":{"start":{"line":84,"column":15},"end":{"line":84,"column":60}},"type":"cond-expr","locations":[{"start":{"line":84,"column":39},"end":{"line":84,"column":48}},{"start":{"line":84,"column":51},"end":{"line":84,"column":60}}],"line":84},"3":{"loc":{"start":{"line":84,"column":15},"end":{"line":84,"column":36}},"type":"binary-expr","locations":[{"start":{"line":84,"column":15},"end":{"line":84,"column":24}},{"start":{"line":84,"column":28},"end":{"line":84,"column":36}}],"line":84}},"s":{"0":1,"1":2,"2":2,"3":2,"4":2,"5":2,"6":2,"7":0,"8":2,"9":0,"10":0,"11":2,"12":1,"13":0,"14":2,"15":2,"16":0,"17":0,"18":0,"19":0,"20":2,"21":0},"f":{"0":2,"1":0,"2":0,"3":1,"4":0,"5":2,"6":0,"7":0,"8":0},"b":{"0":[2],"1":[2],"2":[0,2],"3":[2,2]},"_coverageSchema":"1a1c01bbd47fc00a2c39e90264f33305004495a9","hash":"ff33dec5f80d936b270c561b34d1497f362e4a78"}
,"/home/tadashi/Projects/gostack/test-appgobarber/src/hooks/auth.tsx": {"path":"/home/tadashi/Projects/gostack/test-appgobarber/src/hooks/auth.tsx","statementMap":{"0":{"start":{"line":36,"column":20},"end":{"line":36,"column":73}},"1":{"start":{"line":38,"column":31},"end":{"line":104,"column":1}},"2":{"start":{"line":39,"column":26},"end":{"line":39,"column":62}},"3":{"start":{"line":41,"column":32},"end":{"line":41,"column":46}},"4":{"start":{"line":43,"column":2},"end":{"line":59,"column":9}},"5":{"start":{"line":45,"column":28},"end":{"line":48,"column":8}},"6":{"start":{"line":50,"column":6},"end":{"line":54,"column":7}},"7":{"start":{"line":51,"column":8},"end":{"line":51,"column":66}},"8":{"start":{"line":53,"column":8},"end":{"line":53,"column":64}},"9":{"start":{"line":56,"column":6},"end":{"line":56,"column":24}},"10":{"start":{"line":58,"column":4},"end":{"line":58,"column":23}},"11":{"start":{"line":61,"column":17},"end":{"line":77,"column":8}},"12":{"start":{"line":62,"column":21},"end":{"line":65,"column":6}},"13":{"start":{"line":67,"column":28},"end":{"line":67,"column":41}},"14":{"start":{"line":69,"column":4},"end":{"line":72,"column":7}},"15":{"start":{"line":74,"column":4},"end":{"line":74,"column":59}},"16":{"start":{"line":76,"column":4},"end":{"line":76,"column":29}},"17":{"start":{"line":79,"column":18},"end":{"line":83,"column":8}},"18":{"start":{"line":80,"column":4},"end":{"line":80,"column":74}},"19":{"start":{"line":82,"column":4},"end":{"line":82,"column":29}},"20":{"start":{"line":85,"column":21},"end":{"line":95,"column":3}},"21":{"start":{"line":87,"column":6},"end":{"line":87,"column":73}},"22":{"start":{"line":89,"column":6},"end":{"line":92,"column":9}},"23":{"start":{"line":97,"column":2},"end":{"line":103,"column":4}},"24":{"start":{"line":107,"column":18},"end":{"line":107,"column":41}},"25":{"start":{"line":109,"column":2},"end":{"line":111,"column":3}},"26":{"start":{"line":110,"column":4},"end":{"line":110,"column":67}},"27":{"start":{"line":113,"column":2},"end":{"line":113,"column":17}}},"fnMap":{"0":{"name":"(anonymous_0)","decl":{"start":{"line":38,"column":31},"end":{"line":38,"column":32}},"loc":{"start":{"line":38,"column":49},"end":{"line":104,"column":1}},"line":38},"1":{"name":"(anonymous_1)","decl":{"start":{"line":43,"column":12},"end":{"line":43,"column":13}},"loc":{"start":{"line":43,"column":18},"end":{"line":59,"column":3}},"line":43},"2":{"name":"localStorageData","decl":{"start":{"line":44,"column":19},"end":{"line":44,"column":35}},"loc":{"start":{"line":44,"column":53},"end":{"line":57,"column":5}},"line":44},"3":{"name":"(anonymous_3)","decl":{"start":{"line":61,"column":29},"end":{"line":61,"column":30}},"loc":{"start":{"line":61,"column":60},"end":{"line":77,"column":3}},"line":61},"4":{"name":"(anonymous_4)","decl":{"start":{"line":79,"column":30},"end":{"line":79,"column":31}},"loc":{"start":{"line":79,"column":42},"end":{"line":83,"column":3}},"line":79},"5":{"name":"(anonymous_5)","decl":{"start":{"line":86,"column":4},"end":{"line":86,"column":5}},"loc":{"start":{"line":86,"column":26},"end":{"line":93,"column":5}},"line":86},"6":{"name":"useAuth","decl":{"start":{"line":106,"column":9},"end":{"line":106,"column":16}},"loc":{"start":{"line":106,"column":36},"end":{"line":114,"column":1}},"line":106}},"branchMap":{"0":{"loc":{"start":{"line":50,"column":6},"end":{"line":54,"column":7}},"type":"if","locations":[{"start":{"line":50,"column":6},"end":{"line":54,"column":7}},{"start":{"line":50,"column":6},"end":{"line":54,"column":7}}],"line":50},"1":{"loc":{"start":{"line":50,"column":10},"end":{"line":50,"column":29}},"type":"binary-expr","locations":[{"start":{"line":50,"column":10},"end":{"line":50,"column":18}},{"start":{"line":50,"column":22},"end":{"line":50,"column":29}}],"line":50},"2":{"loc":{"start":{"line":109,"column":2},"end":{"line":111,"column":3}},"type":"if","locations":[{"start":{"line":109,"column":2},"end":{"line":111,"column":3}},{"start":{"line":109,"column":2},"end":{"line":111,"column":3}}],"line":109}},"s":{"0":1,"1":1,"2":0,"3":0,"4":0,"5":0,"6":0,"7":0,"8":0,"9":0,"10":0,"11":0,"12":0,"13":0,"14":0,"15":0,"16":0,"17":0,"18":0,"19":0,"20":0,"21":0,"22":0,"23":0,"24":1,"25":1,"26":0,"27":1},"f":{"0":0,"1":0,"2":0,"3":0,"4":0,"5":0,"6":1},"b":{"0":[0,0],"1":[0,0],"2":[0,1]},"_coverageSchema":"1a1c01bbd47fc00a2c39e90264f33305004495a9","hash":"550e693afaefe54da66d93cabdb58fabfaac2ce0"}
,"/home/tadashi/Projects/gostack/test-appgobarber/src/pages/AppointmentCreated/index.tsx": {"path":"/home/tadashi/Projects/gostack/test-appgobarber/src/pages/AppointmentCreated/index.tsx","statementMap":{"0":{"start":{"line":20,"column":37},"end":{"line":54,"column":1}},"1":{"start":{"line":21,"column":20},"end":{"line":21,"column":35}},"2":{"start":{"line":23,"column":21},"end":{"line":23,"column":31}},"3":{"start":{"line":25,"column":22},"end":{"line":25,"column":43}},"4":{"start":{"line":27,"column":26},"end":{"line":32,"column":13}},"5":{"start":{"line":28,"column":4},"end":{"line":31,"column":7}},"6":{"start":{"line":34,"column":24},"end":{"line":40,"column":24}},"7":{"start":{"line":35,"column":4},"end":{"line":39,"column":6}},"8":{"start":{"line":42,"column":2},"end":{"line":53,"column":4}}},"fnMap":{"0":{"name":"(anonymous_0)","decl":{"start":{"line":20,"column":37},"end":{"line":20,"column":38}},"loc":{"start":{"line":20,"column":43},"end":{"line":54,"column":1}},"line":20},"1":{"name":"(anonymous_1)","decl":{"start":{"line":27,"column":38},"end":{"line":27,"column":39}},"loc":{"start":{"line":27,"column":44},"end":{"line":32,"column":3}},"line":27},"2":{"name":"(anonymous_2)","decl":{"start":{"line":34,"column":32},"end":{"line":34,"column":33}},"loc":{"start":{"line":34,"column":38},"end":{"line":40,"column":3}},"line":34}},"branchMap":{},"s":{"0":0,"1":0,"2":0,"3":0,"4":0,"5":0,"6":0,"7":0,"8":0},"f":{"0":0,"1":0,"2":0},"b":{}}
,"/home/tadashi/Projects/gostack/test-appgobarber/src/pages/CreateAppointment/index.tsx": {"path":"/home/tadashi/Projects/gostack/test-appgobarber/src/pages/CreateAppointment/index.tsx","statementMap":{"0":{"start":{"line":52,"column":36},"end":{"line":270,"column":1}},"1":{"start":{"line":53,"column":19},"end":{"line":53,"column":28}},"2":{"start":{"line":54,"column":16},"end":{"line":54,"column":26}},"3":{"start":{"line":55,"column":31},"end":{"line":55,"column":46}},"4":{"start":{"line":57,"column":22},"end":{"line":57,"column":49}},"5":{"start":{"line":59,"column":42},"end":{"line":59,"column":74}},"6":{"start":{"line":61,"column":46},"end":{"line":61,"column":61}},"7":{"start":{"line":63,"column":42},"end":{"line":63,"column":62}},"8":{"start":{"line":65,"column":42},"end":{"line":65,"column":53}},"9":{"start":{"line":67,"column":50},"end":{"line":69,"column":3}},"10":{"start":{"line":71,"column":36},"end":{"line":71,"column":60}},"11":{"start":{"line":73,"column":2},"end":{"line":77,"column":9}},"12":{"start":{"line":74,"column":4},"end":{"line":76,"column":7}},"13":{"start":{"line":75,"column":6},"end":{"line":75,"column":34}},"14":{"start":{"line":79,"column":2},"end":{"line":91,"column":39}},"15":{"start":{"line":80,"column":4},"end":{"line":90,"column":9}},"16":{"start":{"line":89,"column":8},"end":{"line":89,"column":39}},"17":{"start":{"line":93,"column":23},"end":{"line":95,"column":14}},"18":{"start":{"line":94,"column":4},"end":{"line":94,"column":13}},"19":{"start":{"line":97,"column":31},"end":{"line":99,"column":8}},"20":{"start":{"line":98,"column":4},"end":{"line":98,"column":36}},"21":{"start":{"line":101,"column":33},"end":{"line":103,"column":8}},"22":{"start":{"line":102,"column":4},"end":{"line":102,"column":39}},"23":{"start":{"line":102,"column":31},"end":{"line":102,"column":37}},"24":{"start":{"line":105,"column":28},"end":{"line":115,"column":3}},"25":{"start":{"line":107,"column":6},"end":{"line":109,"column":7}},"26":{"start":{"line":108,"column":8},"end":{"line":108,"column":33}},"27":{"start":{"line":110,"column":6},"end":{"line":112,"column":7}},"28":{"start":{"line":111,"column":8},"end":{"line":111,"column":30}},"29":{"start":{"line":117,"column":34},"end":{"line":136,"column":62}},"30":{"start":{"line":118,"column":4},"end":{"line":135,"column":5}},"31":{"start":{"line":119,"column":19},"end":{"line":119,"column":41}},"32":{"start":{"line":121,"column":6},"end":{"line":121,"column":34}},"33":{"start":{"line":122,"column":6},"end":{"line":122,"column":25}},"34":{"start":{"line":124,"column":6},"end":{"line":127,"column":9}},"35":{"start":{"line":129,"column":6},"end":{"line":129,"column":63}},"36":{"start":{"line":131,"column":6},"end":{"line":134,"column":8}},"37":{"start":{"line":138,"column":27},"end":{"line":140,"column":8}},"38":{"start":{"line":139,"column":4},"end":{"line":139,"column":26}},"39":{"start":{"line":142,"column":30},"end":{"line":152,"column":20}},"40":{"start":{"line":143,"column":4},"end":{"line":151,"column":9}},"41":{"start":{"line":144,"column":28},"end":{"line":144,"column":37}},"42":{"start":{"line":146,"column":8},"end":{"line":150,"column":10}},"43":{"start":{"line":154,"column":32},"end":{"line":164,"column":20}},"44":{"start":{"line":155,"column":4},"end":{"line":163,"column":9}},"45":{"start":{"line":156,"column":28},"end":{"line":156,"column":38}},"46":{"start":{"line":158,"column":8},"end":{"line":162,"column":10}},"47":{"start":{"line":166,"column":2},"end":{"line":269,"column":4}},"48":{"start":{"line":184,"column":38},"end":{"line":184,"column":49}},"49":{"start":{"line":186,"column":14},"end":{"line":194,"column":34}},"50":{"start":{"line":187,"column":31},"end":{"line":187,"column":64}},"51":{"start":{"line":226,"column":16},"end":{"line":236,"column":23}},"52":{"start":{"line":231,"column":33},"end":{"line":231,"column":55}},"53":{"start":{"line":247,"column":18},"end":{"line":257,"column":25}},"54":{"start":{"line":252,"column":35},"end":{"line":252,"column":57}}},"fnMap":{"0":{"name":"(anonymous_0)","decl":{"start":{"line":52,"column":36},"end":{"line":52,"column":37}},"loc":{"start":{"line":52,"column":42},"end":{"line":270,"column":1}},"line":52},"1":{"name":"(anonymous_1)","decl":{"start":{"line":73,"column":12},"end":{"line":73,"column":13}},"loc":{"start":{"line":73,"column":18},"end":{"line":77,"column":3}},"line":73},"2":{"name":"(anonymous_2)","decl":{"start":{"line":74,"column":30},"end":{"line":74,"column":31}},"loc":{"start":{"line":74,"column":42},"end":{"line":76,"column":5}},"line":74},"3":{"name":"(anonymous_3)","decl":{"start":{"line":79,"column":12},"end":{"line":79,"column":13}},"loc":{"start":{"line":79,"column":18},"end":{"line":91,"column":3}},"line":79},"4":{"name":"(anonymous_4)","decl":{"start":{"line":88,"column":12},"end":{"line":88,"column":13}},"loc":{"start":{"line":88,"column":24},"end":{"line":90,"column":7}},"line":88},"5":{"name":"(anonymous_5)","decl":{"start":{"line":93,"column":35},"end":{"line":93,"column":36}},"loc":{"start":{"line":93,"column":41},"end":{"line":95,"column":3}},"line":93},"6":{"name":"(anonymous_6)","decl":{"start":{"line":97,"column":43},"end":{"line":97,"column":44}},"loc":{"start":{"line":97,"column":67},"end":{"line":99,"column":3}},"line":97},"7":{"name":"(anonymous_7)","decl":{"start":{"line":101,"column":45},"end":{"line":101,"column":46}},"loc":{"start":{"line":101,"column":51},"end":{"line":103,"column":3}},"line":101},"8":{"name":"(anonymous_8)","decl":{"start":{"line":102,"column":22},"end":{"line":102,"column":23}},"loc":{"start":{"line":102,"column":31},"end":{"line":102,"column":37}},"line":102},"9":{"name":"(anonymous_9)","decl":{"start":{"line":106,"column":4},"end":{"line":106,"column":5}},"loc":{"start":{"line":106,"column":44},"end":{"line":113,"column":5}},"line":106},"10":{"name":"(anonymous_10)","decl":{"start":{"line":117,"column":46},"end":{"line":117,"column":47}},"loc":{"start":{"line":117,"column":58},"end":{"line":136,"column":3}},"line":117},"11":{"name":"(anonymous_11)","decl":{"start":{"line":138,"column":39},"end":{"line":138,"column":40}},"loc":{"start":{"line":138,"column":57},"end":{"line":140,"column":3}},"line":138},"12":{"name":"(anonymous_12)","decl":{"start":{"line":142,"column":38},"end":{"line":142,"column":39}},"loc":{"start":{"line":142,"column":44},"end":{"line":152,"column":3}},"line":142},"13":{"name":"(anonymous_13)","decl":{"start":{"line":144,"column":14},"end":{"line":144,"column":15}},"loc":{"start":{"line":144,"column":28},"end":{"line":144,"column":37}},"line":144},"14":{"name":"(anonymous_14)","decl":{"start":{"line":145,"column":11},"end":{"line":145,"column":12}},"loc":{"start":{"line":145,"column":36},"end":{"line":151,"column":7}},"line":145},"15":{"name":"(anonymous_15)","decl":{"start":{"line":154,"column":40},"end":{"line":154,"column":41}},"loc":{"start":{"line":154,"column":46},"end":{"line":164,"column":3}},"line":154},"16":{"name":"(anonymous_16)","decl":{"start":{"line":156,"column":14},"end":{"line":156,"column":15}},"loc":{"start":{"line":156,"column":28},"end":{"line":156,"column":38}},"line":156},"17":{"name":"(anonymous_17)","decl":{"start":{"line":157,"column":11},"end":{"line":157,"column":12}},"loc":{"start":{"line":157,"column":36},"end":{"line":163,"column":7}},"line":157},"18":{"name":"(anonymous_18)","decl":{"start":{"line":184,"column":26},"end":{"line":184,"column":27}},"loc":{"start":{"line":184,"column":38},"end":{"line":184,"column":49}},"line":184},"19":{"name":"(anonymous_19)","decl":{"start":{"line":185,"column":24},"end":{"line":185,"column":25}},"loc":{"start":{"line":186,"column":14},"end":{"line":194,"column":34}},"line":186},"20":{"name":"(anonymous_20)","decl":{"start":{"line":187,"column":25},"end":{"line":187,"column":26}},"loc":{"start":{"line":187,"column":31},"end":{"line":187,"column":64}},"line":187},"21":{"name":"(anonymous_21)","decl":{"start":{"line":225,"column":39},"end":{"line":225,"column":40}},"loc":{"start":{"line":226,"column":16},"end":{"line":236,"column":23}},"line":226},"22":{"name":"(anonymous_22)","decl":{"start":{"line":231,"column":27},"end":{"line":231,"column":28}},"loc":{"start":{"line":231,"column":33},"end":{"line":231,"column":55}},"line":231},"23":{"name":"(anonymous_23)","decl":{"start":{"line":246,"column":16},"end":{"line":246,"column":17}},"loc":{"start":{"line":247,"column":18},"end":{"line":257,"column":25}},"line":247},"24":{"name":"(anonymous_24)","decl":{"start":{"line":252,"column":29},"end":{"line":252,"column":30}},"loc":{"start":{"line":252,"column":35},"end":{"line":252,"column":57}},"line":252}},"branchMap":{"0":{"loc":{"start":{"line":107,"column":6},"end":{"line":109,"column":7}},"type":"if","locations":[{"start":{"line":107,"column":6},"end":{"line":109,"column":7}},{"start":{"line":107,"column":6},"end":{"line":109,"column":7}}],"line":107},"1":{"loc":{"start":{"line":110,"column":6},"end":{"line":112,"column":7}},"type":"if","locations":[{"start":{"line":110,"column":6},"end":{"line":112,"column":7}},{"start":{"line":110,"column":6},"end":{"line":112,"column":7}}],"line":110},"2":{"loc":{"start":{"line":208,"column":11},"end":{"line":215,"column":11}},"type":"binary-expr","locations":[{"start":{"line":208,"column":11},"end":{"line":208,"column":25}},{"start":{"line":209,"column":12},"end":{"line":214,"column":14}}],"line":208}},"s":{"0":0,"1":0,"2":0,"3":0,"4":0,"5":0,"6":0,"7":0,"8":0,"9":0,"10":0,"11":0,"12":0,"13":0,"14":0,"15":0,"16":0,"17":0,"18":0,"19":0,"20":0,"21":0,"22":0,"23":0,"24":0,"25":0,"26":0,"27":0,"28":0,"29":0,"30":0,"31":0,"32":0,"33":0,"34":0,"35":0,"36":0,"37":0,"38":0,"39":0,"40":0,"41":0,"42":0,"43":0,"44":0,"45":0,"46":0,"47":0,"48":0,"49":0,"50":0,"51":0,"52":0,"53":0,"54":0},"f":{"0":0,"1":0,"2":0,"3":0,"4":0,"5":0,"6":0,"7":0,"8":0,"9":0,"10":0,"11":0,"12":0,"13":0,"14":0,"15":0,"16":0,"17":0,"18":0,"19":0,"20":0,"21":0,"22":0,"23":0,"24":0},"b":{"0":[0,0],"1":[0,0],"2":[0,0]}}
,"/home/tadashi/Projects/gostack/test-appgobarber/src/pages/Dashboard/index.tsx": {"path":"/home/tadashi/Projects/gostack/test-appgobarber/src/pages/Dashboard/index.tsx","statementMap":{"0":{"start":{"line":31,"column":28},"end":{"line":97,"column":1}},"1":{"start":{"line":32,"column":36},"end":{"line":32,"column":60}},"2":{"start":{"line":34,"column":19},"end":{"line":34,"column":28}},"3":{"start":{"line":35,"column":23},"end":{"line":35,"column":38}},"4":{"start":{"line":37,"column":2},"end":{"line":41,"column":9}},"5":{"start":{"line":38,"column":4},"end":{"line":40,"column":7}},"6":{"start":{"line":39,"column":6},"end":{"line":39,"column":34}},"7":{"start":{"line":43,"column":28},"end":{"line":45,"column":16}},"8":{"start":{"line":44,"column":4},"end":{"line":44,"column":24}},"9":{"start":{"line":47,"column":38},"end":{"line":52,"column":3}},"10":{"start":{"line":49,"column":6},"end":{"line":49,"column":52}},"11":{"start":{"line":54,"column":2},"end":{"line":96,"column":4}},"12":{"start":{"line":71,"column":34},"end":{"line":71,"column":45}},"13":{"start":{"line":74,"column":10},"end":{"line":92,"column":30}},"14":{"start":{"line":75,"column":27},"end":{"line":75,"column":67}}},"fnMap":{"0":{"name":"(anonymous_0)","decl":{"start":{"line":31,"column":28},"end":{"line":31,"column":29}},"loc":{"start":{"line":31,"column":34},"end":{"line":97,"column":1}},"line":31},"1":{"name":"(anonymous_1)","decl":{"start":{"line":37,"column":12},"end":{"line":37,"column":13}},"loc":{"start":{"line":37,"column":18},"end":{"line":41,"column":3}},"line":37},"2":{"name":"(anonymous_2)","decl":{"start":{"line":38,"column":30},"end":{"line":38,"column":31}},"loc":{"start":{"line":38,"column":42},"end":{"line":40,"column":5}},"line":38},"3":{"name":"(anonymous_3)","decl":{"start":{"line":43,"column":40},"end":{"line":43,"column":41}},"loc":{"start":{"line":43,"column":46},"end":{"line":45,"column":3}},"line":43},"4":{"name":"(anonymous_4)","decl":{"start":{"line":48,"column":4},"end":{"line":48,"column":5}},"loc":{"start":{"line":48,"column":28},"end":{"line":50,"column":5}},"line":48},"5":{"name":"(anonymous_5)","decl":{"start":{"line":71,"column":22},"end":{"line":71,"column":23}},"loc":{"start":{"line":71,"column":34},"end":{"line":71,"column":45}},"line":71},"6":{"name":"(anonymous_6)","decl":{"start":{"line":73,"column":20},"end":{"line":73,"column":21}},"loc":{"start":{"line":74,"column":10},"end":{"line":92,"column":30}},"line":74},"7":{"name":"(anonymous_7)","decl":{"start":{"line":75,"column":21},"end":{"line":75,"column":22}},"loc":{"start":{"line":75,"column":27},"end":{"line":75,"column":67}},"line":75}},"branchMap":{},"s":{"0":0,"1":0,"2":0,"3":0,"4":0,"5":0,"6":0,"7":0,"8":0,"9":0,"10":0,"11":0,"12":0,"13":0,"14":0},"f":{"0":0,"1":0,"2":0,"3":0,"4":0,"5":0,"6":0,"7":0},"b":{}}
,"/home/tadashi/Projects/gostack/test-appgobarber/src/pages/Profile/index.tsx": {"path":"/home/tadashi/Projects/gostack/test-appgobarber/src/pages/Profile/index.tsx","statementMap":{"0":{"start":{"line":42,"column":26},"end":{"line":261,"column":1}},"1":{"start":{"line":43,"column":40},"end":{"line":43,"column":49}},"2":{"start":{"line":45,"column":18},"end":{"line":45,"column":43}},"3":{"start":{"line":46,"column":21},"end":{"line":46,"column":36}},"4":{"start":{"line":48,"column":24},"end":{"line":48,"column":47}},"5":{"start":{"line":49,"column":30},"end":{"line":49,"column":53}},"6":{"start":{"line":50,"column":27},"end":{"line":50,"column":50}},"7":{"start":{"line":51,"column":34},"end":{"line":51,"column":57}},"8":{"start":{"line":53,"column":23},"end":{"line":124,"column":3}},"9":{"start":{"line":55,"column":6},"end":{"line":121,"column":7}},"10":{"start":{"line":56,"column":8},"end":{"line":56,"column":39}},"11":{"start":{"line":58,"column":23},"end":{"line":76,"column":10}},"12":{"start":{"line":65,"column":23},"end":{"line":65,"column":35}},"13":{"start":{"line":71,"column":25},"end":{"line":71,"column":37}},"14":{"start":{"line":78,"column":8},"end":{"line":80,"column":11}},"15":{"start":{"line":88,"column":12},"end":{"line":88,"column":16}},"16":{"start":{"line":90,"column":25},"end":{"line":100,"column":9}},"17":{"start":{"line":102,"column":25},"end":{"line":102,"column":60}},"18":{"start":{"line":104,"column":8},"end":{"line":104,"column":34}},"19":{"start":{"line":105,"column":8},"end":{"line":105,"column":54}},"20":{"start":{"line":107,"column":8},"end":{"line":107,"column":28}},"21":{"start":{"line":109,"column":8},"end":{"line":115,"column":9}},"22":{"start":{"line":110,"column":25},"end":{"line":110,"column":49}},"23":{"start":{"line":112,"column":10},"end":{"line":112,"column":45}},"24":{"start":{"line":114,"column":10},"end":{"line":114,"column":17}},"25":{"start":{"line":117,"column":8},"end":{"line":120,"column":10}},"26":{"start":{"line":126,"column":29},"end":{"line":157,"column":27}},"27":{"start":{"line":127,"column":4},"end":{"line":156,"column":6}},"28":{"start":{"line":135,"column":8},"end":{"line":137,"column":9}},"29":{"start":{"line":136,"column":10},"end":{"line":136,"column":17}},"30":{"start":{"line":139,"column":8},"end":{"line":142,"column":9}},"31":{"start":{"line":140,"column":10},"end":{"line":140,"column":55}},"32":{"start":{"line":141,"column":10},"end":{"line":141,"column":17}},"33":{"start":{"line":144,"column":21},"end":{"line":144,"column":35}},"34":{"start":{"line":146,"column":8},"end":{"line":150,"column":11}},"35":{"start":{"line":152,"column":8},"end":{"line":154,"column":11}},"36":{"start":{"line":153,"column":10},"end":{"line":153,"column":39}},"37":{"start":{"line":159,"column":23},"end":{"line":161,"column":18}},"38":{"start":{"line":160,"column":4},"end":{"line":160,"column":24}},"39":{"start":{"line":163,"column":2},"end":{"line":260,"column":4}},"40":{"start":{"line":199,"column":18},"end":{"line":199,"column":49}},"41":{"start":{"line":213,"column":18},"end":{"line":213,"column":55}},"42":{"start":{"line":226,"column":18},"end":{"line":226,"column":52}},"43":{"start":{"line":237,"column":39},"end":{"line":237,"column":68}},"44":{"start":{"line":248,"column":18},"end":{"line":248,"column":59}},"45":{"start":{"line":251,"column":37},"end":{"line":251,"column":66}}},"fnMap":{"0":{"name":"(anonymous_0)","decl":{"start":{"line":42,"column":26},"end":{"line":42,"column":27}},"loc":{"start":{"line":42,"column":32},"end":{"line":261,"column":1}},"line":42},"1":{"name":"(anonymous_1)","decl":{"start":{"line":54,"column":4},"end":{"line":54,"column":5}},"loc":{"start":{"line":54,"column":37},"end":{"line":122,"column":5}},"line":54},"2":{"name":"(anonymous_2)","decl":{"start":{"line":65,"column":16},"end":{"line":65,"column":17}},"loc":{"start":{"line":65,"column":23},"end":{"line":65,"column":35}},"line":65},"3":{"name":"(anonymous_3)","decl":{"start":{"line":71,"column":18},"end":{"line":71,"column":19}},"loc":{"start":{"line":71,"column":25},"end":{"line":71,"column":37}},"line":71},"4":{"name":"(anonymous_4)","decl":{"start":{"line":126,"column":41},"end":{"line":126,"column":42}},"loc":{"start":{"line":126,"column":47},"end":{"line":157,"column":3}},"line":126},"5":{"name":"(anonymous_5)","decl":{"start":{"line":134,"column":6},"end":{"line":134,"column":7}},"loc":{"start":{"line":134,"column":18},"end":{"line":155,"column":7}},"line":134},"6":{"name":"(anonymous_6)","decl":{"start":{"line":152,"column":45},"end":{"line":152,"column":46}},"loc":{"start":{"line":152,"column":60},"end":{"line":154,"column":9}},"line":152},"7":{"name":"(anonymous_7)","decl":{"start":{"line":159,"column":35},"end":{"line":159,"column":36}},"loc":{"start":{"line":159,"column":41},"end":{"line":161,"column":3}},"line":159},"8":{"name":"(anonymous_8)","decl":{"start":{"line":198,"column":33},"end":{"line":198,"column":34}},"loc":{"start":{"line":198,"column":39},"end":{"line":200,"column":17}},"line":198},"9":{"name":"(anonymous_9)","decl":{"start":{"line":212,"column":33},"end":{"line":212,"column":34}},"loc":{"start":{"line":212,"column":39},"end":{"line":214,"column":17}},"line":212},"10":{"name":"(anonymous_10)","decl":{"start":{"line":225,"column":33},"end":{"line":225,"column":34}},"loc":{"start":{"line":225,"column":39},"end":{"line":227,"column":17}},"line":225},"11":{"name":"(anonymous_11)","decl":{"start":{"line":237,"column":33},"end":{"line":237,"column":34}},"loc":{"start":{"line":237,"column":39},"end":{"line":237,"column":68}},"line":237},"12":{"name":"(anonymous_12)","decl":{"start":{"line":247,"column":33},"end":{"line":247,"column":34}},"loc":{"start":{"line":247,"column":39},"end":{"line":249,"column":17}},"line":247},"13":{"name":"(anonymous_13)","decl":{"start":{"line":251,"column":31},"end":{"line":251,"column":32}},"loc":{"start":{"line":251,"column":37},"end":{"line":251,"column":66}},"line":251}},"branchMap":{"0":{"loc":{"start":{"line":93,"column":14},"end":{"line":99,"column":16}},"type":"cond-expr","locations":[{"start":{"line":94,"column":14},"end":{"line":98,"column":15}},{"start":{"line":99,"column":14},"end":{"line":99,"column":16}}],"line":93},"1":{"loc":{"start":{"line":109,"column":8},"end":{"line":115,"column":9}},"type":"if","locations":[{"start":{"line":109,"column":8},"end":{"line":115,"column":9}},{"start":{"line":109,"column":8},"end":{"line":115,"column":9}}],"line":109},"2":{"loc":{"start":{"line":135,"column":8},"end":{"line":137,"column":9}},"type":"if","locations":[{"start":{"line":135,"column":8},"end":{"line":137,"column":9}},{"start":{"line":135,"column":8},"end":{"line":137,"column":9}}],"line":135},"3":{"loc":{"start":{"line":139,"column":8},"end":{"line":142,"column":9}},"type":"if","locations":[{"start":{"line":139,"column":8},"end":{"line":142,"column":9}},{"start":{"line":139,"column":8},"end":{"line":142,"column":9}}],"line":139},"4":{"loc":{"start":{"line":167,"column":18},"end":{"line":167,"column":63}},"type":"cond-expr","locations":[{"start":{"line":167,"column":42},"end":{"line":167,"column":51}},{"start":{"line":167,"column":54},"end":{"line":167,"column":63}}],"line":167}},"s":{"0":0,"1":0,"2":0,"3":0,"4":0,"5":0,"6":0,"7":0,"8":0,"9":0,"10":0,"11":0,"12":0,"13":0,"14":0,"15":0,"16":0,"17":0,"18":0,"19":0,"20":0,"21":0,"22":0,"23":0,"24":0,"25":0,"26":0,"27":0,"28":0,"29":0,"30":0,"31":0,"32":0,"33":0,"34":0,"35":0,"36":0,"37":0,"38":0,"39":0,"40":0,"41":0,"42":0,"43":0,"44":0,"45":0},"f":{"0":0,"1":0,"2":0,"3":0,"4":0,"5":0,"6":0,"7":0,"8":0,"9":0,"10":0,"11":0,"12":0,"13":0},"b":{"0":[0,0],"1":[0,0],"2":[0,0],"3":[0,0],"4":[0,0]}}
,"/home/tadashi/Projects/gostack/test-appgobarber/src/pages/SignIn/index.tsx": {"path":"/home/tadashi/Projects/gostack/test-appgobarber/src/pages/SignIn/index.tsx","statementMap":{"0":{"start":{"line":42,"column":25},"end":{"line":154,"column":1}},"1":{"start":{"line":43,"column":18},"end":{"line":43,"column":43}},"2":{"start":{"line":45,"column":27},"end":{"line":45,"column":50}},"3":{"start":{"line":46,"column":21},"end":{"line":46,"column":36}},"4":{"start":{"line":48,"column":21},"end":{"line":48,"column":30}},"5":{"start":{"line":50,"column":23},"end":{"line":86,"column":3}},"6":{"start":{"line":52,"column":6},"end":{"line":83,"column":7}},"7":{"start":{"line":53,"column":8},"end":{"line":53,"column":39}},"8":{"start":{"line":55,"column":23},"end":{"line":60,"column":10}},"9":{"start":{"line":62,"column":8},"end":{"line":64,"column":11}},"10":{"start":{"line":66,"column":8},"end":{"line":69,"column":11}},"11":{"start":{"line":71,"column":8},"end":{"line":77,"column":9}},"12":{"start":{"line":72,"column":25},"end":{"line":72,"column":49}},"13":{"start":{"line":74,"column":10},"end":{"line":74,"column":45}},"14":{"start":{"line":76,"column":10},"end":{"line":76,"column":17}},"15":{"start":{"line":79,"column":8},"end":{"line":82,"column":10}},"16":{"start":{"line":88,"column":2},"end":{"line":153,"column":4}},"17":{"start":{"line":116,"column":18},"end":{"line":116,"column":52}},"18":{"start":{"line":128,"column":18},"end":{"line":128,"column":48}},"19":{"start":{"line":134,"column":18},"end":{"line":134,"column":48}},"20":{"start":{"line":148,"column":42},"end":{"line":148,"column":71}}},"fnMap":{"0":{"name":"(anonymous_0)","decl":{"start":{"line":42,"column":25},"end":{"line":42,"column":26}},"loc":{"start":{"line":42,"column":31},"end":{"line":154,"column":1}},"line":42},"1":{"name":"(anonymous_1)","decl":{"start":{"line":51,"column":4},"end":{"line":51,"column":5}},"loc":{"start":{"line":51,"column":36},"end":{"line":84,"column":5}},"line":51},"2":{"name":"(anonymous_2)","decl":{"start":{"line":115,"column":33},"end":{"line":115,"column":34}},"loc":{"start":{"line":115,"column":39},"end":{"line":117,"column":17}},"line":115},"3":{"name":"(anonymous_3)","decl":{"start":{"line":127,"column":33},"end":{"line":127,"column":34}},"loc":{"start":{"line":127,"column":39},"end":{"line":129,"column":17}},"line":127},"4":{"name":"(anonymous_4)","decl":{"start":{"line":133,"column":25},"end":{"line":133,"column":26}},"loc":{"start":{"line":133,"column":31},"end":{"line":135,"column":17}},"line":133},"5":{"name":"(anonymous_5)","decl":{"start":{"line":141,"column":37},"end":{"line":141,"column":38}},"loc":{"start":{"line":141,"column":43},"end":{"line":141,"column":45}},"line":141},"6":{"name":"(anonymous_6)","decl":{"start":{"line":148,"column":36},"end":{"line":148,"column":37}},"loc":{"start":{"line":148,"column":42},"end":{"line":148,"column":71}},"line":148}},"branchMap":{"0":{"loc":{"start":{"line":71,"column":8},"end":{"line":77,"column":9}},"type":"if","locations":[{"start":{"line":71,"column":8},"end":{"line":77,"column":9}},{"start":{"line":71,"column":8},"end":{"line":77,"column":9}}],"line":71},"1":{"loc":{"start":{"line":92,"column":18},"end":{"line":92,"column":63}},"type":"cond-expr","locations":[{"start":{"line":92,"column":42},"end":{"line":92,"column":51}},{"start":{"line":92,"column":54},"end":{"line":92,"column":63}}],"line":92}},"s":{"0":1,"1":1,"2":1,"3":1,"4":1,"5":1,"6":0,"7":0,"8":0,"9":0,"10":0,"11":0,"12":0,"13":0,"14":0,"15":0,"16":1,"17":0,"18":0,"19":0,"20":0},"f":{"0":1,"1":0,"2":0,"3":0,"4":0,"5":0,"6":0},"b":{"0":[0,0],"1":[1,0]},"_coverageSchema":"1a1c01bbd47fc00a2c39e90264f33305004495a9","hash":"a1dd402507dbaa3c299b1965c6c8fd2598f989dd"}
,"/home/tadashi/Projects/gostack/test-appgobarber/src/pages/SignUp/index.tsx": {"path":"/home/tadashi/Projects/gostack/test-appgobarber/src/pages/SignUp/index.tsx","statementMap":{"0":{"start":{"line":34,"column":25},"end":{"line":151,"column":1}},"1":{"start":{"line":35,"column":18},"end":{"line":35,"column":43}},"2":{"start":{"line":36,"column":21},"end":{"line":36,"column":36}},"3":{"start":{"line":38,"column":24},"end":{"line":38,"column":47}},"4":{"start":{"line":39,"column":27},"end":{"line":39,"column":50}},"5":{"start":{"line":41,"column":23},"end":{"line":82,"column":3}},"6":{"start":{"line":43,"column":6},"end":{"line":79,"column":7}},"7":{"start":{"line":44,"column":8},"end":{"line":44,"column":39}},"8":{"start":{"line":46,"column":23},"end":{"line":52,"column":10}},"9":{"start":{"line":54,"column":8},"end":{"line":56,"column":11}},"10":{"start":{"line":58,"column":8},"end":{"line":58,"column":39}},"11":{"start":{"line":60,"column":8},"end":{"line":63,"column":10}},"12":{"start":{"line":65,"column":8},"end":{"line":65,"column":28}},"13":{"start":{"line":67,"column":8},"end":{"line":73,"column":9}},"14":{"start":{"line":68,"column":25},"end":{"line":68,"column":49}},"15":{"start":{"line":70,"column":10},"end":{"line":70,"column":45}},"16":{"start":{"line":72,"column":10},"end":{"line":72,"column":17}},"17":{"start":{"line":75,"column":8},"end":{"line":78,"column":10}},"18":{"start":{"line":84,"column":2},"end":{"line":150,"column":4}},"19":{"start":{"line":110,"column":18},"end":{"line":110,"column":49}},"20":{"start":{"line":124,"column":18},"end":{"line":124,"column":52}},"21":{"start":{"line":135,"column":39},"end":{"line":135,"column":68}},"22":{"start":{"line":137,"column":37},"end":{"line":137,"column":66}},"23":{"start":{"line":145,"column":35},"end":{"line":145,"column":54}}},"fnMap":{"0":{"name":"(anonymous_0)","decl":{"start":{"line":34,"column":25},"end":{"line":34,"column":26}},"loc":{"start":{"line":34,"column":31},"end":{"line":151,"column":1}},"line":34},"1":{"name":"(anonymous_1)","decl":{"start":{"line":42,"column":4},"end":{"line":42,"column":5}},"loc":{"start":{"line":42,"column":36},"end":{"line":80,"column":5}},"line":42},"2":{"name":"(anonymous_2)","decl":{"start":{"line":109,"column":33},"end":{"line":109,"column":34}},"loc":{"start":{"line":109,"column":39},"end":{"line":111,"column":17}},"line":109},"3":{"name":"(anonymous_3)","decl":{"start":{"line":123,"column":33},"end":{"line":123,"column":34}},"loc":{"start":{"line":123,"column":39},"end":{"line":125,"column":17}},"line":123},"4":{"name":"(anonymous_4)","decl":{"start":{"line":135,"column":33},"end":{"line":135,"column":34}},"loc":{"start":{"line":135,"column":39},"end":{"line":135,"column":68}},"line":135},"5":{"name":"(anonymous_5)","decl":{"start":{"line":137,"column":31},"end":{"line":137,"column":32}},"loc":{"start":{"line":137,"column":37},"end":{"line":137,"column":66}},"line":137},"6":{"name":"(anonymous_6)","decl":{"start":{"line":145,"column":29},"end":{"line":145,"column":30}},"loc":{"start":{"line":145,"column":35},"end":{"line":145,"column":54}},"line":145}},"branchMap":{"0":{"loc":{"start":{"line":67,"column":8},"end":{"line":73,"column":9}},"type":"if","locations":[{"start":{"line":67,"column":8},"end":{"line":73,"column":9}},{"start":{"line":67,"column":8},"end":{"line":73,"column":9}}],"line":67},"1":{"loc":{"start":{"line":88,"column":18},"end":{"line":88,"column":63}},"type":"cond-expr","locations":[{"start":{"line":88,"column":42},"end":{"line":88,"column":51}},{"start":{"line":88,"column":54},"end":{"line":88,"column":63}}],"line":88}},"s":{"0":0,"1":0,"2":0,"3":0,"4":0,"5":0,"6":0,"7":0,"8":0,"9":0,"10":0,"11":0,"12":0,"13":0,"14":0,"15":0,"16":0,"17":0,"18":0,"19":0,"20":0,"21":0,"22":0,"23":0},"f":{"0":0,"1":0,"2":0,"3":0,"4":0,"5":0,"6":0},"b":{"0":[0,0],"1":[0,0]}}
}
